
=== Fri Dec 11 11:38:20 2020

Packages were changed.
Update Mode: updateDependencies

The following packages were updated:
  com.unity.test-framework from version 1.1.18 to 1.1.19

=== Tue Feb 16 14:13:11 2021

Packages were changed.
Update Mode: updateDependencies

The following packages were updated:
  com.unity.mobile.notifications from version 1.0.3 to 1.3.2
  com.unity.test-framework from version 1.1.19 to 1.1.22

=== Thu Feb 25 13:22:07 2021

Packages were changed.
Update Mode: updateDependencies

The following packages were updated:
  com.unity.mobile.android-logcat from version 1.2.0 to 1.2.1
  com.unity.timeline from version 1.2.17 to 1.2.18

=== Thu Jun  3 07:23:21 2021

Packages were changed.
Update Mode: updateDependencies

The following packages were updated:
  com.unity.ide.rider from version 1.1.4 to 1.2.1
  com.unity.test-framework from version 1.1.22 to 1.1.24
  com.unity.textmeshpro from version 2.1.1 to 2.1.4

=== Mon Jun 14 11:21:28 2021

Packages were changed.
Update Mode: updateDependencies

The following packages were updated:
  com.unity.mobile.android-logcat from version 1.2.1 to 1.2.2
